0 info it worked if it ends with ok
1 verbose cli [ 'D:\\Program Files\\nodejs\\node.exe',
1 verbose cli   'D:\\Program Files\\nodejs\\node_modules\\cnpm\\node_modules\\npm\\bin\\npm-cli.js',
1 verbose cli   '--userconfig=C:\\Users\\Administrator\\.cnpmrc',
1 verbose cli   '--disturl=https://npm.taobao.org/mirrors/node',
1 verbose cli   '--registry=https://registry.npm.taobao.org',
1 verbose cli   'run',
1 verbose cli   'dev' ]
2 info using npm@3.10.10
3 info using node@v6.2.0
4 verbose run-script [ 'predev', 'dev', 'postdev' ]
5 info lifecycle manage-system@1.0.0~predev: manage-system@1.0.0
6 silly lifecycle manage-system@1.0.0~predev: no script for predev, continuing
7 info lifecycle manage-system@1.0.0~dev: manage-system@1.0.0
8 verbose lifecycle manage-system@1.0.0~dev: unsafe-perm in lifecycle true
9 verbose lifecycle manage-system@1.0.0~dev: PATH: D:\Program Files\nodejs\node_modules\cnpm\node_modules\npm\bin\node-gyp-bin;G:\github\EvanLiiu2968.github.io\node_modules\.bin;C:\Users\Administrator\bin;E:\Program Files\Git\mingw64\bin;E:\Program Files\Git\usr\local\bin;E:\Program Files\Git\usr\bin;E:\Program Files\Git\usr\bin;E:\Program Files\Git\mingw64\bin;E:\Program Files\Git\usr\bin;C:\Users\Administrator\bin;E:\Program Files\ImageMagick-7.0.1-Q16;C:\Program Files (x86)\NVIDIA Corporation\PhysX\Common;.;C:\Java\jdk1.8.0_20\bin;C:\ProgramData\Oracle\Java\javapath;C:\Windows\system32;C:\Windows;C:\Windows\System32\Wbem;C:\Windows\System32\WindowsPowerShell\v1.0;D:\SDK\android-sdk-windows\platform-tools;D:\SDK\gradle-2.10\bin;D:\server\apache\bin\bin;D:\SDK\android-sdk-windows\tools;D:\SDK\android-sdk-windows\platform-tools;D:\Program Files\nodejs;D:\Program Files\TortoiseGit\bin;E:\Program Files\Git\cmd;C:\Users\Administrator\AppData\Roaming\npm;E:\Program Files\Git\usr\bin\vendor_perl;E:\Program Files\Git\usr\bin\core_perl
10 verbose lifecycle manage-system@1.0.0~dev: CWD: G:\github\EvanLiiu2968.github.io
11 silly lifecycle manage-system@1.0.0~dev: Args: [ '/d /s /c', 'node build/dev-server.js' ]
12 silly lifecycle manage-system@1.0.0~dev: Returned: code: 1  signal: null
13 info lifecycle manage-system@1.0.0~dev: Failed to exec dev script
14 verbose stack Error: manage-system@1.0.0 dev: `node build/dev-server.js`
14 verbose stack Exit status 1
14 verbose stack     at EventEmitter.<anonymous> (D:\Program Files\nodejs\node_modules\cnpm\node_modules\npm\lib\utils\lifecycle.js:255:16)
14 verbose stack     at emitTwo (events.js:106:13)
14 verbose stack     at EventEmitter.emit (events.js:191:7)
14 verbose stack     at ChildProcess.<anonymous> (D:\Program Files\nodejs\node_modules\cnpm\node_modules\npm\lib\utils\spawn.js:40:14)
14 verbose stack     at emitTwo (events.js:106:13)
14 verbose stack     at ChildProcess.emit (events.js:191:7)
14 verbose stack     at maybeClose (internal/child_process.js:850:16)
14 verbose stack     at Process.ChildProcess._handle.onexit (internal/child_process.js:215:5)
15 verbose pkgid manage-system@1.0.0
16 verbose cwd G:\github\EvanLiiu2968.github.io
17 error Windows_NT 6.1.7601
18 error argv "D:\\Program Files\\nodejs\\node.exe" "D:\\Program Files\\nodejs\\node_modules\\cnpm\\node_modules\\npm\\bin\\npm-cli.js" "--userconfig=C:\\Users\\Administrator\\.cnpmrc" "--disturl=https://npm.taobao.org/mirrors/node" "--registry=https://registry.npm.taobao.org" "run" "dev"
19 error node v6.2.0
20 error npm  v3.10.10
21 error code ELIFECYCLE
22 error manage-system@1.0.0 dev: `node build/dev-server.js`
22 error Exit status 1
23 error Failed at the manage-system@1.0.0 dev script 'node build/dev-server.js'.
23 error Make sure you have the latest version of node.js and npm installed.
23 error If you do, this is most likely a problem with the manage-system package,
23 error not with npm itself.
23 error Tell the author that this fails on your system:
23 error     node build/dev-server.js
23 error You can get information on how to open an issue for this project with:
23 error     npm bugs manage-system
23 error Or if that isn't available, you can get their info via:
23 error     npm owner ls manage-system
23 error There is likely additional logging output above.
24 verbose exit [ 1, true ]
